<?xml version="1.0" encoding="UTF-8"?>
<testsuite name="com.homedepot.mm.po.iom.dao.TransferOrderDaoTest" tests="15" skipped="0" failures="0" errors="0" timestamp="2017-07-13T19:02:02" hostname="f2d9b88c-015a-418f-555e-6617c9945587" time="0.437">
  <properties/>
  <testcase name="getReasonCodesTest" classname="com.homedepot.mm.po.iom.dao.TransferOrderDaoTest" time="0.073"/>
  <testcase name="saveIntoXREFTableForPOMSuccesTest" classname="com.homedepot.mm.po.iom.dao.TransferOrderDaoTest" time="0.029"/>
  <testcase name="getApprovalStatusTest" classname="com.homedepot.mm.po.iom.dao.TransferOrderDaoTest" time="0.007"/>
  <testcase name="failedsaveIntoXREFTableForPOMTest" classname="com.homedepot.mm.po.iom.dao.TransferOrderDaoTest" time="0.004"/>
  <testcase name="getTransfersSummary" classname="com.homedepot.mm.po.iom.dao.TransferOrderDaoTest" time="0.063"/>
  <testcase name="saveIntoXREFTableForPOMFailedTest" classname="com.homedepot.mm.po.iom.dao.TransferOrderDaoTest" time="0.017"/>
  <testcase name="test" classname="com.homedepot.mm.po.iom.dao.TransferOrderDaoTest" time="0.021"/>
  <testcase name="test1" classname="com.homedepot.mm.po.iom.dao.TransferOrderDaoTest" time="0.004"/>
  <testcase name="failedInsertTest" classname="com.homedepot.mm.po.iom.dao.TransferOrderDaoTest" time="0.01"/>
  <testcase name="fetchTransfersForSuccessForImportDomectisPOMTest" classname="com.homedepot.mm.po.iom.dao.TransferOrderDaoTest" time="0.072"/>
  <testcase name="saveIntoXREFTableForPOMEmptyTest" classname="com.homedepot.mm.po.iom.dao.TransferOrderDaoTest" time="0.007"/>
  <testcase name="failedInsert2Test" classname="com.homedepot.mm.po.iom.dao.TransferOrderDaoTest" time="0.006"/>
  <testcase name="fetchTransfersForPOMTest" classname="com.homedepot.mm.po.iom.dao.TransferOrderDaoTest" time="0.022"/>
  <testcase name="successfullInsertTest" classname="com.homedepot.mm.po.iom.dao.TransferOrderDaoTest" time="0.059"/>
  <testcase name="fetchTransfersForPOMTestSameSku" classname="com.homedepot.mm.po.iom.dao.TransferOrderDaoTest" time="0.014"/>
  <system-out><![CDATA[19:01:55,876 |-INFO in ch.qos.logback.classic.LoggerContext[default] - Could NOT find resource [logback.groovy]
19:01:55,876 |-INFO in ch.qos.logback.classic.LoggerContext[default] - Could NOT find resource [logback-test.xml]
19:01:55,876 |-INFO in ch.qos.logback.classic.LoggerContext[default] - Found resource [logback.xml] at [file:/tmp/build/e55deab7/code-repo/iom-xfer-services/build/resources/main/logback.xml]
19:01:55,940 |-INFO in ch.qos.logback.classic.joran.action.ConfigurationAction - debug attribute not set
19:01:55,941 |-INFO in ch.qos.logback.core.joran.action.AppenderAction - About to instantiate appender of type [ch.qos.logback.core.ConsoleAppender]
19:01:55,949 |-INFO in ch.qos.logback.core.joran.action.AppenderAction - Naming appender as [STDOUT]
19:01:55,983 |-WARN in ch.qos.logback.core.ConsoleAppender[STDOUT] - This appender no longer admits a layout as a sub-component, set an encoder instead.
19:01:55,983 |-WARN in ch.qos.logback.core.ConsoleAppender[STDOUT] - To ensure compatibility, wrapping your layout in LayoutWrappingEncoder.
19:01:55,983 |-WARN in ch.qos.logback.core.ConsoleAppender[STDOUT] - See also http://logback.qos.ch/codes.html#layoutInsteadOfEncoder for details
19:01:55,984 |-INFO in ch.qos.logback.classic.joran.action.RootLoggerAction - Setting level of ROOT logger to INFO
19:01:55,984 |-INFO in ch.qos.logback.core.joran.action.AppenderRefAction - Attaching appender named [STDOUT] to Logger[ROOT]
19:01:55,985 |-INFO in ch.qos.logback.classic.joran.action.ConfigurationAction - End of configuration.
19:01:55,986 |-INFO in ch.qos.logback.classic.joran.JoranConfigurator@5e2fba94 - Registering current configuration as safe fallback point

{"date":"2017-07-13 19:01:56","level": "INFO ","message": "Neither @ContextConfiguration nor @ContextHierarchy found for test class [com.homedepot.mm.po.iom.dao.TransferOrderDaoTest], using SpringBootContextLoader","logger": "o.s.b.t.c.SpringBootTestContextBootstrapper","thread": "[Test worker]"}
{"date":"2017-07-13 19:01:56","level": "INFO ","message": "Could not detect default resource locations for test class [com.homedepot.mm.po.iom.dao.TransferOrderDaoTest]: no resource found for suffixes {-context.xml, Context.groovy}.","logger": "o.s.t.c.s.AbstractContextLoader","thread": "[Test worker]"}
{"date":"2017-07-13 19:01:56","level": "INFO ","message": "Could not detect default configuration classes for test class [com.homedepot.mm.po.iom.dao.TransferOrderDaoTest]: TransferOrderDaoTest does not declare any static, non-private, non-final, nested classes annotated with @Configuration.","logger": "o.s.t.c.s.AnnotationConfigContextLoaderUtils","thread": "[Test worker]"}
{"date":"2017-07-13 19:01:56","level": "INFO ","message": "Found @SpringBootConfiguration com.homedepot.mm.po.iom.IomTransferRequestApplication for test class com.homedepot.mm.po.iom.dao.TransferOrderDaoTest","logger": "o.s.b.t.c.SpringBootTestContextBootstrapper","thread": "[Test worker]"}
{"date":"2017-07-13 19:01:56","level": "INFO ","message": "Loaded default TestExecutionListener class names from location [META-INF/spring.factories]: [org.springframework.boot.test.mock.mockito.MockitoTestExecutionListener, org.springframework.boot.test.mock.mockito.ResetMocksTestExecutionListener, org.springframework.boot.test.autoconfigure.restdocs.RestDocsTestExecutionListener, org.springframework.boot.test.autoconfigure.web.client.MockRestServiceServerResetTestExecutionListener, org.springframework.boot.test.autoconfigure.web.servlet.MockMvcPrintOnlyOnFailureTestExecutionListener, org.springframework.boot.test.autoconfigure.web.servlet.WebDriverTestExecutionListener, org.springframework.test.context.web.ServletTestExecutionListener, org.springframework.test.context.support.DirtiesContextBeforeModesTestExecutionListener, org.springframework.test.context.support.DependencyInjectionTestExecutionListener, org.springframework.test.context.support.DirtiesContextTestExecutionListener, org.springframework.test.context.transaction.TransactionalTestExecutionListener, org.springframework.test.context.jdbc.SqlScriptsTestExecutionListener]","logger": "o.s.b.t.c.SpringBootTestContextBootstrapper","thread": "[Test worker]"}
{"date":"2017-07-13 19:01:56","level": "INFO ","message": "Using TestExecutionListeners: [org.springframework.test.context.web.ServletTestExecutionListener@7fe4e9a1, org.springframework.test.context.support.DirtiesContextBeforeModesTestExecutionListener@5c05117d, org.springframework.boot.test.autoconfigure.SpringBootDependencyInjectionTestExecutionListener@42be4fea, org.springframework.test.context.support.DirtiesContextTestExecutionListener@580fcbd4, org.springframework.test.context.transaction.TransactionalTestExecutionListener@fe9895, org.springframework.test.context.jdbc.SqlScriptsTestExecutionListener@7484ff0e, org.springframework.boot.test.autoconfigure.web.servlet.WebDriverTestExecutionListener@44752f6b, org.springframework.boot.test.autoconfigure.web.client.MockRestServiceServerResetTestExecutionListener@62821d5a, org.springframework.boot.test.autoconfigure.restdocs.RestDocsTestExecutionListener@16cc0baf, org.springframework.boot.test.mock.mockito.ResetMocksTestExecutionListener@45e3eaf7, org.springframework.boot.test.autoconfigure.web.servlet.MockMvcPrintOnlyOnFailureTestExecutionListener@28008b57, org.springframework.boot.test.mock.mockito.MockitoTestExecutionListener@5a9a2bc0]","logger": "o.s.b.t.c.SpringBootTestContextBootstrapper","thread": "[Test worker]"}

  .   ____          _            __ _ _
 /\\ / ___'_ __ _ _(_)_ __  __ _ \ \ \ \
( ( )\___ | '_ | '_| | '_ \/ _` | \ \ \ \
 \\/  ___)| |_)| | | | | || (_| |  ) ) ) )
  '  |____| .__|_| |_|_| |_\__, | / / / /
 =========|_|==============|___/=/_/_/_/
 :: Spring Boot ::        (v1.5.2.RELEASE)

{"date":"2017-07-13 19:01:56","level": "INFO ","message": "Starting TransferOrderDaoTest on f2d9b88c-015a-418f-555e-6617c9945587 with PID 86 (started by root in /tmp/build/e55deab7/code-repo/iom-xfer-services)","logger": "c.h.m.p.iom.dao.TransferOrderDaoTest","thread": "[Test worker]"}
{"date":"2017-07-13 19:01:56","level": "INFO ","message": "The following profiles are active: test","logger": "c.h.m.p.iom.dao.TransferOrderDaoTest","thread": "[Test worker]"}
{"date":"2017-07-13 19:01:57","level": "INFO ","message": "Refreshing org.springframework.web.context.support.GenericWebApplicationContext@531ffc50: startup date [Thu Jul 13 19:01:57 UTC 2017]; root of context hierarchy","logger": "o.s.w.c.s.GenericWebApplicationContext","thread": "[Test worker]"}
{"date":"2017-07-13 19:01:58","level": "INFO ","message": "HV000001: Hibernate Validator 5.3.4.Final","logger": "o.h.validator.internal.util.Version","thread": "[background-preinit]"}
{"date":"2017-07-13 19:01:58","level": "INFO ","message": "Overriding bean definition for bean 'transferRequestDao' with a different definition: replacing [Generic bean: class [com.homedepot.mm.po.iom.dao.TransferRequestDao]; scope=singleton; abstract=false; lazyInit=false; autowireMode=0; dependencyCheck=0; autowireCandidate=true; primary=false; factoryBeanName=null; factoryMethodName=null; initMethodName=null; destroyMethodName=null; defined in file [/tmp/build/e55deab7/code-repo/iom-xfer-services/build/classes/main/com/homedepot/mm/po/iom/dao/TransferRequestDao.class]] with [Root bean: class [null]; scope=; abstract=false; lazyInit=false; autowireMode=3; dependencyCheck=0; autowireCandidate=true; primary=false; factoryBeanName=commonConfig; factoryMethodName=transferRequestDao; initMethodName=null; destroyMethodName=(inferred); defined in class path resource [com/homedepot/mm/po/iom/config/CommonConfig.class]]","logger": "o.s.b.f.s.DefaultListableBeanFactory","thread": "[Test worker]"}
{"date":"2017-07-13 19:01:59","level": "INFO ","message": "Bean 'org.springframework.transaction.annotation.ProxyTransactionManagementConfiguration' of type [org.springframework.transaction.annotation.ProxyTransactionManagementConfiguration$$EnhancerBySpringCGLIB$$f01287ec] is not eligible for getting processed by all BeanPostProcessors (for example: not eligible for auto-proxying)","logger": "o.s.c.s.PostProcessorRegistrationDelegate$BeanPostProcessorChecker","thread": "[Test worker]"}
{"date":"2017-07-13 19:01:59","level": "INFO ","message": "Starting embedded database: url='jdbc:h2:mem:Unit Test DB;DB_CLOSE_DELAY=-1;DB_CLOSE_ON_EXIT=false', username='sa'","logger": "o.s.j.d.e.EmbeddedDatabaseFactory","thread": "[Test worker]"}
{"date":"2017-07-13 19:01:59","level": "INFO ","message": "Executing SQL script from class path resource [schema-h2.sql]","logger": "o.s.jdbc.datasource.init.ScriptUtils","thread": "[Test worker]"}
{"date":"2017-07-13 19:01:59","level": "INFO ","message": "Executed SQL script from class path resource [schema-h2.sql] in 30 ms.","logger": "o.s.jdbc.datasource.init.ScriptUtils","thread": "[Test worker]"}
{"date":"2017-07-13 19:01:59","level": "INFO ","message": "Executing SQL script from class path resource [insert-data-h2.sql]","logger": "o.s.jdbc.datasource.init.ScriptUtils","thread": "[Test worker]"}
{"date":"2017-07-13 19:01:59","level": "INFO ","message": "Executed SQL script from class path resource [insert-data-h2.sql] in 29 ms.","logger": "o.s.jdbc.datasource.init.ScriptUtils","thread": "[Test worker]"}
{"date":"2017-07-13 19:02:00","level": "INFO ","message": "Mapped "{[/service/reasonCodes],methods=[GET],produces=[application/json]}" onto public org.springframework.http.ResponseEntity<java.util.List<com.homedepot.mm.po.iom.dto.systemcodes.Reason>> com.homedepot.mm.po.iom.rest.IOMTransferRequestController.getReasonCodes()","logger": "o.s.w.s.m.m.a.RequestMappingHandlerMapping","thread": "[Test worker]"}
{"date":"2017-07-13 19:02:00","level": "INFO ","message": "Mapped "{[/service/approvalStatus],methods=[GET],produces=[application/json]}" onto public org.springframework.http.ResponseEntity<java.util.List<com.homedepot.mm.po.iom.dto.systemcodes.ApprovalStatus>> com.homedepot.mm.po.iom.rest.IOMTransferRequestController.getApprovalStatus()","logger": "o.s.w.s.m.m.a.RequestMappingHandlerMapping","thread": "[Test worker]"}
{"date":"2017-07-13 19:02:00","level": "INFO ","message": "Mapped "{[/service/support/updateApproveStatusByIds],methods=[PUT],produces=[application/json]}" onto public org.springframework.http.ResponseEntity<java.lang.Integer> com.homedepot.mm.po.iom.rest.IOMTransferRequestController.updateApprovalStatusById(com.homedepot.mm.po.iom.dto.approvals.ApprovalStatusUpdateDTO)","logger": "o.s.w.s.m.m.a.RequestMappingHandlerMapping","thread": "[Test worker]"}
{"date":"2017-07-13 19:02:00","level": "INFO ","message": "Mapped "{[/service/transfers],methods=[POST],consumes=[application/json],produces=[application/json]}" onto public org.springframework.http.ResponseEntity<com.homedepot.mm.po.iom.dto.apiResponse.ApiIomResponse> com.homedepot.mm.po.iom.rest.IOMTransferRequestController.postTransfer(java.util.List<com.homedepot.mm.po.iom.dto.transfer.TransferRequest>)","logger": "o.s.w.s.m.m.a.RequestMappingHandlerMapping","thread": "[Test worker]"}
{"date":"2017-07-13 19:02:00","level": "INFO ","message": "Mapped "{[/service/send2pom],methods=[GET],produces=[application/json]}" onto public java.util.List<com.homedepot.mm.po.iom.dto.apiResponse.ApiPomResponse> com.homedepot.mm.po.iom.rest.IOMTransferRequestController.sendToPOM(java.lang.Boolean)","logger": "o.s.w.s.m.m.a.RequestMappingHandlerMapping","thread": "[Test worker]"}
{"date":"2017-07-13 19:02:00","level": "INFO ","message": "Mapped "{[/service/resend2pom],methods=[GET],produces=[application/json]}" onto public java.util.List<com.homedepot.mm.po.iom.dto.apiResponse.ApiPomResponse> com.homedepot.mm.po.iom.rest.IOMTransferRequestController.reSendToPom(java.lang.Integer)","logger": "o.s.w.s.m.m.a.RequestMappingHandlerMapping","thread": "[Test worker]"}
{"date":"2017-07-13 19:02:00","level": "INFO ","message": "Mapped "{[/service/transfersummary],methods=[GET],produces=[application/json]}" onto public java.util.List<com.homedepot.mm.po.iom.dto.transferSummary.TransferRequestSummary> com.homedepot.mm.po.iom.rest.IOMTransferRequestController.transferSummary(java.lang.Integer,java.lang.Integer,java.lang.String,java.lang.String,java.lang.Integer,java.util.Date,java.lang.String)","logger": "o.s.w.s.m.m.a.RequestMappingHandlerMapping","thread": "[Test worker]"}
{"date":"2017-07-13 19:02:00","level": "INFO ","message": "Mapped "{[/v2/api-docs],methods=[GET],produces=[application/json || application/hal+json]}" onto public org.springframework.http.ResponseEntity<springfox.documentation.spring.web.json.Json> springfox.documentation.swagger2.web.Swagger2Controller.getDocumentation(java.lang.String,javax.servlet.http.HttpServletRequest)","logger": "o.s.w.s.m.m.a.RequestMappingHandlerMapping","thread": "[Test worker]"}
{"date":"2017-07-13 19:02:00","level": "INFO ","message": "Mapped "{[/swagger-resources/configuration/ui]}" onto org.springframework.http.ResponseEntity<springfox.documentation.swagger.web.UiConfiguration> springfox.documentation.swagger.web.ApiResourceController.uiConfiguration()","logger": "o.s.w.s.m.m.a.RequestMappingHandlerMapping","thread": "[Test worker]"}
{"date":"2017-07-13 19:02:00","level": "INFO ","message": "Mapped "{[/swagger-resources]}" onto org.springframework.http.ResponseEntity<java.util.List<springfox.documentation.swagger.web.SwaggerResource>> springfox.documentation.swagger.web.ApiResourceController.swaggerResources()","logger": "o.s.w.s.m.m.a.RequestMappingHandlerMapping","thread": "[Test worker]"}
{"date":"2017-07-13 19:02:00","level": "INFO ","message": "Mapped "{[/swagger-resources/configuration/security]}" onto org.springframework.http.ResponseEntity<springfox.documentation.swagger.web.SecurityConfiguration> springfox.documentation.swagger.web.ApiResourceController.securityConfiguration()","logger": "o.s.w.s.m.m.a.RequestMappingHandlerMapping","thread": "[Test worker]"}
{"date":"2017-07-13 19:02:00","level": "INFO ","message": "Mapped "{[/error],produces=[text/html]}" onto public org.springframework.web.servlet.ModelAndView org.springframework.boot.autoconfigure.web.BasicErrorController.errorHtml(javax.servlet.http.HttpServletRequest,javax.servlet.http.HttpServletResponse)","logger": "o.s.w.s.m.m.a.RequestMappingHandlerMapping","thread": "[Test worker]"}
{"date":"2017-07-13 19:02:00","level": "INFO ","message": "Mapped "{[/error]}" onto public org.springframework.http.ResponseEntity<java.util.Map<java.lang.String, java.lang.Object>> org.springframework.boot.autoconfigure.web.BasicErrorController.error(javax.servlet.http.HttpServletRequest)","logger": "o.s.w.s.m.m.a.RequestMappingHandlerMapping","thread": "[Test worker]"}
{"date":"2017-07-13 19:02:01","level": "INFO ","message": "Looking for @ControllerAdvice: org.springframework.web.context.support.GenericWebApplicationContext@531ffc50: startup date [Thu Jul 13 19:01:57 UTC 2017]; root of context hierarchy","logger": "o.s.w.s.m.m.a.RequestMappingHandlerAdapter","thread": "[Test worker]"}
{"date":"2017-07-13 19:02:01","level": "INFO ","message": "Mapped URL path [/webjars/**] onto handler of type [class org.springframework.web.servlet.resource.ResourceHttpRequestHandler]","logger": "o.s.w.s.h.SimpleUrlHandlerMapping","thread": "[Test worker]"}
{"date":"2017-07-13 19:02:01","level": "INFO ","message": "Mapped URL path [/**] onto handler of type [class org.springframework.web.servlet.resource.ResourceHttpRequestHandler]","logger": "o.s.w.s.h.SimpleUrlHandlerMapping","thread": "[Test worker]"}
{"date":"2017-07-13 19:02:01","level": "INFO ","message": "Mapped URL path [/**/favicon.ico] onto handler of type [class org.springframework.web.servlet.resource.ResourceHttpRequestHandler]","logger": "o.s.w.s.h.SimpleUrlHandlerMapping","thread": "[Test worker]"}
{"date":"2017-07-13 19:02:01","level": "INFO ","message": "Starting beans in phase 2147483647","logger": "o.s.c.s.DefaultLifecycleProcessor","thread": "[Test worker]"}
{"date":"2017-07-13 19:02:01","level": "INFO ","message": "Context refreshed","logger": "s.d.s.w.p.DocumentationPluginsBootstrapper","thread": "[Test worker]"}
{"date":"2017-07-13 19:02:01","level": "INFO ","message": "Found 1 custom documentation plugin(s)","logger": "s.d.s.w.p.DocumentationPluginsBootstrapper","thread": "[Test worker]"}
{"date":"2017-07-13 19:02:01","level": "INFO ","message": "Scanning for api listing references","logger": "s.d.s.w.s.ApiListingReferenceScanner","thread": "[Test worker]"}
{"date":"2017-07-13 19:02:02","level": "INFO ","message": "Started TransferOrderDaoTest in 5.662 seconds (JVM running for 7.029)","logger": "c.h.m.p.iom.dao.TransferOrderDaoTest","thread": "[Test worker]"}
{"date":"2017-07-13 19:02:02","level": "INFO ","message": "Began transaction (1) for test context [DefaultTestContext@645d2c23 testClass = TransferOrderDaoTest, testInstance = com.homedepot.mm.po.iom.dao.TransferOrderDaoTest@13403611, testMethod = getReasonCodesTest@TransferOrderDaoTest, testException = [null], mergedContextConfiguration = [WebMergedContextConfiguration@4b0fff24 testClass = TransferOrderDaoTest, locations = '{}', classes = '{class com.homedepot.mm.po.iom.IomTransferRequestApplication}', contextInitializerClasses = '[]', activeProfiles = '{test}', propertySourceLocations = '{}', propertySourceProperties = '{org.springframework.boot.test.context.SpringBootTestContextBootstrapper=true}', contextCustomizers = set[org.springframework.boot.test.context.SpringBootTestContextCustomizer@179d46d1, org.springframework.boot.test.context.filter.ExcludeFilterContextCustomizer@36294929, org.springframework.boot.test.mock.mockito.MockitoContextCustomizer@0, org.springframework.boot.test.autoconfigure.properties.PropertyMappingContextCustomizer@0, org.springframework.boot.test.autoconfigure.web.servlet.WebDriverContextCustomizerFactory$Customizer@3c6a72cd], resourceBasePath = 'src/main/webapp', contextLoader = 'org.springframework.boot.test.context.SpringBootContextLoader', parent = [null]]]; transaction manager [org.springframework.jdbc.datasource.DataSourceTransactionManager@c07bbda]; rollback [true]","logger": "o.s.t.c.t.TransactionContext","thread": "[Test worker]"}
{"date":"2017-07-13 19:02:02","level": "INFO ","message": "Rolled back transaction for test context [DefaultTestContext@645d2c23 testClass = TransferOrderDaoTest, testInstance = com.homedepot.mm.po.iom.dao.TransferOrderDaoTest@13403611, testMethod = getReasonCodesTest@TransferOrderDaoTest, testException = [null], mergedContextConfiguration = [WebMergedContextConfiguration@4b0fff24 testClass = TransferOrderDaoTest, locations = '{}', classes = '{class com.homedepot.mm.po.iom.IomTransferRequestApplication}', contextInitializerClasses = '[]', activeProfiles = '{test}', propertySourceLocations = '{}', propertySourceProperties = '{org.springframework.boot.test.context.SpringBootTestContextBootstrapper=true}', contextCustomizers = set[org.springframework.boot.test.context.SpringBootTestContextCustomizer@179d46d1, org.springframework.boot.test.context.filter.ExcludeFilterContextCustomizer@36294929, org.springframework.boot.test.mock.mockito.MockitoContextCustomizer@0, org.springframework.boot.test.autoconfigure.properties.PropertyMappingContextCustomizer@0, org.springframework.boot.test.autoconfigure.web.servlet.WebDriverContextCustomizerFactory$Customizer@3c6a72cd], resourceBasePath = 'src/main/webapp', contextLoader = 'org.springframework.boot.test.context.SpringBootContextLoader', parent = [null]]].","logger": "o.s.t.c.t.TransactionContext","thread": "[Test worker]"}
{"date":"2017-07-13 19:02:02","level": "INFO ","message": "Began transaction (1) for test context [DefaultTestContext@645d2c23 testClass = TransferOrderDaoTest, testInstance = com.homedepot.mm.po.iom.dao.TransferOrderDaoTest@38eb3ddf, testMethod = saveIntoXREFTableForPOMSuccesTest@TransferOrderDaoTest, testException = [null], mergedContextConfiguration = [WebMergedContextConfiguration@4b0fff24 testClass = TransferOrderDaoTest, locations = '{}', classes = '{class com.homedepot.mm.po.iom.IomTransferRequestApplication}', contextInitializerClasses = '[]', activeProfiles = '{test}', propertySourceLocations = '{}', propertySourceProperties = '{org.springframework.boot.test.context.SpringBootTestContextBootstrapper=true}', contextCustomizers = set[org.springframework.boot.test.context.SpringBootTestContextCustomizer@179d46d1, org.springframework.boot.test.context.filter.ExcludeFilterContextCustomizer@36294929, org.springframework.boot.test.mock.mockito.MockitoContextCustomizer@0, org.springframework.boot.test.autoconfigure.properties.PropertyMappingContextCustomizer@0, org.springframework.boot.test.autoconfigure.web.servlet.WebDriverContextCustomizerFactory$Customizer@3c6a72cd], resourceBasePath = 'src/main/webapp', contextLoader = 'org.springframework.boot.test.context.SpringBootContextLoader', parent = [null]]]; transaction manager [org.springframework.jdbc.datasource.DataSourceTransactionManager@c07bbda]; rollback [true]","logger": "o.s.t.c.t.TransactionContext","thread": "[Test worker]"}
{"date":"2017-07-13 19:02:02","level": "INFO ","message": "Rolled back transaction for test context [DefaultTestContext@645d2c23 testClass = TransferOrderDaoTest, testInstance = com.homedepot.mm.po.iom.dao.TransferOrderDaoTest@38eb3ddf, testMethod = saveIntoXREFTableForPOMSuccesTest@TransferOrderDaoTest, testException = [null], mergedContextConfiguration = [WebMergedContextConfiguration@4b0fff24 testClass = TransferOrderDaoTest, locations = '{}', classes = '{class com.homedepot.mm.po.iom.IomTransferRequestApplication}', contextInitializerClasses = '[]', activeProfiles = '{test}', propertySourceLocations = '{}', propertySourceProperties = '{org.springframework.boot.test.context.SpringBootTestContextBootstrapper=true}', contextCustomizers = set[org.springframework.boot.test.context.SpringBootTestContextCustomizer@179d46d1, org.springframework.boot.test.context.filter.ExcludeFilterContextCustomizer@36294929, org.springframework.boot.test.mock.mockito.MockitoContextCustomizer@0, org.springframework.boot.test.autoconfigure.properties.PropertyMappingContextCustomizer@0, org.springframework.boot.test.autoconfigure.web.servlet.WebDriverContextCustomizerFactory$Customizer@3c6a72cd], resourceBasePath = 'src/main/webapp', contextLoader = 'org.springframework.boot.test.context.SpringBootContextLoader', parent = [null]]].","logger": "o.s.t.c.t.TransactionContext","thread": "[Test worker]"}
{"date":"2017-07-13 19:02:02","level": "INFO ","message": "Began transaction (1) for test context [DefaultTestContext@645d2c23 testClass = TransferOrderDaoTest, testInstance = com.homedepot.mm.po.iom.dao.TransferOrderDaoTest@4f57740a, testMethod = getApprovalStatusTest@TransferOrderDaoTest, testException = [null], mergedContextConfiguration = [WebMergedContextConfiguration@4b0fff24 testClass = TransferOrderDaoTest, locations = '{}', classes = '{class com.homedepot.mm.po.iom.IomTransferRequestApplication}', contextInitializerClasses = '[]', activeProfiles = '{test}', propertySourceLocations = '{}', propertySourceProperties = '{org.springframework.boot.test.context.SpringBootTestContextBootstrapper=true}', contextCustomizers = set[org.springframework.boot.test.context.SpringBootTestContextCustomizer@179d46d1, org.springframework.boot.test.context.filter.ExcludeFilterContextCustomizer@36294929, org.springframework.boot.test.mock.mockito.MockitoContextCustomizer@0, org.springframework.boot.test.autoconfigure.properties.PropertyMappingContextCustomizer@0, org.springframework.boot.test.autoconfigure.web.servlet.WebDriverContextCustomizerFactory$Customizer@3c6a72cd], resourceBasePath = 'src/main/webapp', contextLoader = 'org.springframework.boot.test.context.SpringBootContextLoader', parent = [null]]]; transaction manager [org.springframework.jdbc.datasource.DataSourceTransactionManager@c07bbda]; rollback [true]","logger": "o.s.t.c.t.TransactionContext","thread": "[Test worker]"}
{"date":"2017-07-13 19:02:02","level": "INFO ","message": "Rolled back transaction for test context [DefaultTestContext@645d2c23 testClass = TransferOrderDaoTest, testInstance = com.homedepot.mm.po.iom.dao.TransferOrderDaoTest@4f57740a, testMethod = getApprovalStatusTest@TransferOrderDaoTest, testException = [null], mergedContextConfiguration = [WebMergedContextConfiguration@4b0fff24 testClass = TransferOrderDaoTest, locations = '{}', classes = '{class com.homedepot.mm.po.iom.IomTransferRequestApplication}', contextInitializerClasses = '[]', activeProfiles = '{test}', propertySourceLocations = '{}', propertySourceProperties = '{org.springframework.boot.test.context.SpringBootTestContextBootstrapper=true}', contextCustomizers = set[org.springframework.boot.test.context.SpringBootTestContextCustomizer@179d46d1, org.springframework.boot.test.context.filter.ExcludeFilterContextCustomizer@36294929, org.springframework.boot.test.mock.mockito.MockitoContextCustomizer@0, org.springframework.boot.test.autoconfigure.properties.PropertyMappingContextCustomizer@0, org.springframework.boot.test.autoconfigure.web.servlet.WebDriverContextCustomizerFactory$Customizer@3c6a72cd], resourceBasePath = 'src/main/webapp', contextLoader = 'org.springframework.boot.test.context.SpringBootContextLoader', parent = [null]]].","logger": "o.s.t.c.t.TransactionContext","thread": "[Test worker]"}
{"date":"2017-07-13 19:02:02","level": "INFO ","message": "Began transaction (1) for test context [DefaultTestContext@645d2c23 testClass = TransferOrderDaoTest, testInstance = com.homedepot.mm.po.iom.dao.TransferOrderDaoTest@2141abe3, testMethod = failedsaveIntoXREFTableForPOMTest@TransferOrderDaoTest, testException = [null], mergedContextConfiguration = [WebMergedContextConfiguration@4b0fff24 testClass = TransferOrderDaoTest, locations = '{}', classes = '{class com.homedepot.mm.po.iom.IomTransferRequestApplication}', contextInitializerClasses = '[]', activeProfiles = '{test}', propertySourceLocations = '{}', propertySourceProperties = '{org.springframework.boot.test.context.SpringBootTestContextBootstrapper=true}', contextCustomizers = set[org.springframework.boot.test.context.SpringBootTestContextCustomizer@179d46d1, org.springframework.boot.test.context.filter.ExcludeFilterContextCustomizer@36294929, org.springframework.boot.test.mock.mockito.MockitoContextCustomizer@0, org.springframework.boot.test.autoconfigure.properties.PropertyMappingContextCustomizer@0, org.springframework.boot.test.autoconfigure.web.servlet.WebDriverContextCustomizerFactory$Customizer@3c6a72cd], resourceBasePath = 'src/main/webapp', contextLoader = 'org.springframework.boot.test.context.SpringBootContextLoader', parent = [null]]]; transaction manager [org.springframework.jdbc.datasource.DataSourceTransactionManager@c07bbda]; rollback [true]","logger": "o.s.t.c.t.TransactionContext","thread": "[Test worker]"}
{"date":"2017-07-13 19:02:02","level": "INFO ","message": "Rolled back transaction for test context [DefaultTestContext@645d2c23 testClass = TransferOrderDaoTest, testInstance = com.homedepot.mm.po.iom.dao.TransferOrderDaoTest@2141abe3, testMethod = failedsaveIntoXREFTableForPOMTest@TransferOrderDaoTest, testException = [null], mergedContextConfiguration = [WebMergedContextConfiguration@4b0fff24 testClass = TransferOrderDaoTest, locations = '{}', classes = '{class com.homedepot.mm.po.iom.IomTransferRequestApplication}', contextInitializerClasses = '[]', activeProfiles = '{test}', propertySourceLocations = '{}', propertySourceProperties = '{org.springframework.boot.test.context.SpringBootTestContextBootstrapper=true}', contextCustomizers = set[org.springframework.boot.test.context.SpringBootTestContextCustomizer@179d46d1, org.springframework.boot.test.context.filter.ExcludeFilterContextCustomizer@36294929, org.springframework.boot.test.mock.mockito.MockitoContextCustomizer@0, org.springframework.boot.test.autoconfigure.properties.PropertyMappingContextCustomizer@0, org.springframework.boot.test.autoconfigure.web.servlet.WebDriverContextCustomizerFactory$Customizer@3c6a72cd], resourceBasePath = 'src/main/webapp', contextLoader = 'org.springframework.boot.test.context.SpringBootContextLoader', parent = [null]]].","logger": "o.s.t.c.t.TransactionContext","thread": "[Test worker]"}
{"date":"2017-07-13 19:02:02","level": "INFO ","message": "Began transaction (1) for test context [DefaultTestContext@645d2c23 testClass = TransferOrderDaoTest, testInstance = com.homedepot.mm.po.iom.dao.TransferOrderDaoTest@524e2af9, testMethod = getTransfersSummary@TransferOrderDaoTest, testException = [null], mergedContextConfiguration = [WebMergedContextConfiguration@4b0fff24 testClass = TransferOrderDaoTest, locations = '{}', classes = '{class com.homedepot.mm.po.iom.IomTransferRequestApplication}', contextInitializerClasses = '[]', activeProfiles = '{test}', propertySourceLocations = '{}', propertySourceProperties = '{org.springframework.boot.test.context.SpringBootTestContextBootstrapper=true}', contextCustomizers = set[org.springframework.boot.test.context.SpringBootTestContextCustomizer@179d46d1, org.springframework.boot.test.context.filter.ExcludeFilterContextCustomizer@36294929, org.springframework.boot.test.mock.mockito.MockitoContextCustomizer@0, org.springframework.boot.test.autoconfigure.properties.PropertyMappingContextCustomizer@0, org.springframework.boot.test.autoconfigure.web.servlet.WebDriverContextCustomizerFactory$Customizer@3c6a72cd], resourceBasePath = 'src/main/webapp', contextLoader = 'org.springframework.boot.test.context.SpringBootContextLoader', parent = [null]]]; transaction manager [org.springframework.jdbc.datasource.DataSourceTransactionManager@c07bbda]; rollback [true]","logger": "o.s.t.c.t.TransactionContext","thread": "[Test worker]"}
{"date":"2017-07-13 19:02:02","level": "INFO ","message": "Loading XML bean definitions from class path resource [org/springframework/jdbc/support/sql-error-codes.xml]","logger": "o.s.b.f.xml.XmlBeanDefinitionReader","thread": "[Test worker]"}
{"date":"2017-07-13 19:02:02","level": "INFO ","message": "SQLErrorCodes loaded: [DB2, Derby, H2, HSQL, Informix, MS-SQL, MySQL, Oracle, PostgreSQL, Sybase, Hana]","logger": "o.s.j.support.SQLErrorCodesFactory","thread": "[Test worker]"}
{"date":"2017-07-13 19:02:02","level": "INFO ","message": "Rolled back transaction for test context [DefaultTestContext@645d2c23 testClass = TransferOrderDaoTest, testInstance = com.homedepot.mm.po.iom.dao.TransferOrderDaoTest@524e2af9, testMethod = getTransfersSummary@TransferOrderDaoTest, testException = [null], mergedContextConfiguration = [WebMergedContextConfiguration@4b0fff24 testClass = TransferOrderDaoTest, locations = '{}', classes = '{class com.homedepot.mm.po.iom.IomTransferRequestApplication}', contextInitializerClasses = '[]', activeProfiles = '{test}', propertySourceLocations = '{}', propertySourceProperties = '{org.springframework.boot.test.context.SpringBootTestContextBootstrapper=true}', contextCustomizers = set[org.springframework.boot.test.context.SpringBootTestContextCustomizer@179d46d1, org.springframework.boot.test.context.filter.ExcludeFilterContextCustomizer@36294929, org.springframework.boot.test.mock.mockito.MockitoContextCustomizer@0, org.springframework.boot.test.autoconfigure.properties.PropertyMappingContextCustomizer@0, org.springframework.boot.test.autoconfigure.web.servlet.WebDriverContextCustomizerFactory$Customizer@3c6a72cd], resourceBasePath = 'src/main/webapp', contextLoader = 'org.springframework.boot.test.context.SpringBootContextLoader', parent = [null]]].","logger": "o.s.t.c.t.TransactionContext","thread": "[Test worker]"}
{"date":"2017-07-13 19:02:02","level": "INFO ","message": "Began transaction (1) for test context [DefaultTestContext@645d2c23 testClass = TransferOrderDaoTest, testInstance = com.homedepot.mm.po.iom.dao.TransferOrderDaoTest@6cd259e3, testMethod = saveIntoXREFTableForPOMFailedTest@TransferOrderDaoTest, testException = [null], mergedContextConfiguration = [WebMergedContextConfiguration@4b0fff24 testClass = TransferOrderDaoTest, locations = '{}', classes = '{class com.homedepot.mm.po.iom.IomTransferRequestApplication}', contextInitializerClasses = '[]', activeProfiles = '{test}', propertySourceLocations = '{}', propertySourceProperties = '{org.springframework.boot.test.context.SpringBootTestContextBootstrapper=true}', contextCustomizers = set[org.springframework.boot.test.context.SpringBootTestContextCustomizer@179d46d1, org.springframework.boot.test.context.filter.ExcludeFilterContextCustomizer@36294929, org.springframework.boot.test.mock.mockito.MockitoContextCustomizer@0, org.springframework.boot.test.autoconfigure.properties.PropertyMappingContextCustomizer@0, org.springframework.boot.test.autoconfigure.web.servlet.WebDriverContextCustomizerFactory$Customizer@3c6a72cd], resourceBasePath = 'src/main/webapp', contextLoader = 'org.springframework.boot.test.context.SpringBootContextLoader', parent = [null]]]; transaction manager [org.springframework.jdbc.datasource.DataSourceTransactionManager@c07bbda]; rollback [true]","logger": "o.s.t.c.t.TransactionContext","thread": "[Test worker]"}
{"date":"2017-07-13 19:02:02","level": "INFO ","message": "Rolled back transaction for test context [DefaultTestContext@645d2c23 testClass = TransferOrderDaoTest, testInstance = com.homedepot.mm.po.iom.dao.TransferOrderDaoTest@6cd259e3, testMethod = saveIntoXREFTableForPOMFailedTest@TransferOrderDaoTest, testException = [null], mergedContextConfiguration = [WebMergedContextConfiguration@4b0fff24 testClass = TransferOrderDaoTest, locations = '{}', classes = '{class com.homedepot.mm.po.iom.IomTransferRequestApplication}', contextInitializerClasses = '[]', activeProfiles = '{test}', propertySourceLocations = '{}', propertySourceProperties = '{org.springframework.boot.test.context.SpringBootTestContextBootstrapper=true}', contextCustomizers = set[org.springframework.boot.test.context.SpringBootTestContextCustomizer@179d46d1, org.springframework.boot.test.context.filter.ExcludeFilterContextCustomizer@36294929, org.springframework.boot.test.mock.mockito.MockitoContextCustomizer@0, org.springframework.boot.test.autoconfigure.properties.PropertyMappingContextCustomizer@0, org.springframework.boot.test.autoconfigure.web.servlet.WebDriverContextCustomizerFactory$Customizer@3c6a72cd], resourceBasePath = 'src/main/webapp', contextLoader = 'org.springframework.boot.test.context.SpringBootContextLoader', parent = [null]]].","logger": "o.s.t.c.t.TransactionContext","thread": "[Test worker]"}
{"date":"2017-07-13 19:02:02","level": "INFO ","message": "Began transaction (1) for test context [DefaultTestContext@645d2c23 testClass = TransferOrderDaoTest, testInstance = com.homedepot.mm.po.iom.dao.TransferOrderDaoTest@37ad663f, testMethod = test@TransferOrderDaoTest, testException = [null], mergedContextConfiguration = [WebMergedContextConfiguration@4b0fff24 testClass = TransferOrderDaoTest, locations = '{}', classes = '{class com.homedepot.mm.po.iom.IomTransferRequestApplication}', contextInitializerClasses = '[]', activeProfiles = '{test}', propertySourceLocations = '{}', propertySourceProperties = '{org.springframework.boot.test.context.SpringBootTestContextBootstrapper=true}', contextCustomizers = set[org.springframework.boot.test.context.SpringBootTestContextCustomizer@179d46d1, org.springframework.boot.test.context.filter.ExcludeFilterContextCustomizer@36294929, org.springframework.boot.test.mock.mockito.MockitoContextCustomizer@0, org.springframework.boot.test.autoconfigure.properties.PropertyMappingContextCustomizer@0, org.springframework.boot.test.autoconfigure.web.servlet.WebDriverContextCustomizerFactory$Customizer@3c6a72cd], resourceBasePath = 'src/main/webapp', contextLoader = 'org.springframework.boot.test.context.SpringBootContextLoader', parent = [null]]]; transaction manager [org.springframework.jdbc.datasource.DataSourceTransactionManager@c07bbda]; rollback [true]","logger": "o.s.t.c.t.TransactionContext","thread": "[Test worker]"}
{"date":"2017-07-13 19:02:02","level": "INFO ","message": "Rolled back transaction for test context [DefaultTestContext@645d2c23 testClass = TransferOrderDaoTest, testInstance = com.homedepot.mm.po.iom.dao.TransferOrderDaoTest@37ad663f, testMethod = test@TransferOrderDaoTest, testException = [null], mergedContextConfiguration = [WebMergedContextConfiguration@4b0fff24 testClass = TransferOrderDaoTest, locations = '{}', classes = '{class com.homedepot.mm.po.iom.IomTransferRequestApplication}', contextInitializerClasses = '[]', activeProfiles = '{test}', propertySourceLocations = '{}', propertySourceProperties = '{org.springframework.boot.test.context.SpringBootTestContextBootstrapper=true}', contextCustomizers = set[org.springframework.boot.test.context.SpringBootTestContextCustomizer@179d46d1, org.springframework.boot.test.context.filter.ExcludeFilterContextCustomizer@36294929, org.springframework.boot.test.mock.mockito.MockitoContextCustomizer@0, org.springframework.boot.test.autoconfigure.properties.PropertyMappingContextCustomizer@0, org.springframework.boot.test.autoconfigure.web.servlet.WebDriverContextCustomizerFactory$Customizer@3c6a72cd], resourceBasePath = 'src/main/webapp', contextLoader = 'org.springframework.boot.test.context.SpringBootContextLoader', parent = [null]]].","logger": "o.s.t.c.t.TransactionContext","thread": "[Test worker]"}
{"date":"2017-07-13 19:02:02","level": "INFO ","message": "Began transaction (1) for test context [DefaultTestContext@645d2c23 testClass = TransferOrderDaoTest, testInstance = com.homedepot.mm.po.iom.dao.TransferOrderDaoTest@2b0a5e37, testMethod = test1@TransferOrderDaoTest, testException = [null], mergedContextConfiguration = [WebMergedContextConfiguration@4b0fff24 testClass = TransferOrderDaoTest, locations = '{}', classes = '{class com.homedepot.mm.po.iom.IomTransferRequestApplication}', contextInitializerClasses = '[]', activeProfiles = '{test}', propertySourceLocations = '{}', propertySourceProperties = '{org.springframework.boot.test.context.SpringBootTestContextBootstrapper=true}', contextCustomizers = set[org.springframework.boot.test.context.SpringBootTestContextCustomizer@179d46d1, org.springframework.boot.test.context.filter.ExcludeFilterContextCustomizer@36294929, org.springframework.boot.test.mock.mockito.MockitoContextCustomizer@0, org.springframework.boot.test.autoconfigure.properties.PropertyMappingContextCustomizer@0, org.springframework.boot.test.autoconfigure.web.servlet.WebDriverContextCustomizerFactory$Customizer@3c6a72cd], resourceBasePath = 'src/main/webapp', contextLoader = 'org.springframework.boot.test.context.SpringBootContextLoader', parent = [null]]]; transaction manager [org.springframework.jdbc.datasource.DataSourceTransactionManager@c07bbda]; rollback [true]","logger": "o.s.t.c.t.TransactionContext","thread": "[Test worker]"}
{"date":"2017-07-13 19:02:02","level": "INFO ","message": "Rolled back transaction for test context [DefaultTestContext@645d2c23 testClass = TransferOrderDaoTest, testInstance = com.homedepot.mm.po.iom.dao.TransferOrderDaoTest@2b0a5e37, testMethod = test1@TransferOrderDaoTest, testException = [null], mergedContextConfiguration = [WebMergedContextConfiguration@4b0fff24 testClass = TransferOrderDaoTest, locations = '{}', classes = '{class com.homedepot.mm.po.iom.IomTransferRequestApplication}', contextInitializerClasses = '[]', activeProfiles = '{test}', propertySourceLocations = '{}', propertySourceProperties = '{org.springframework.boot.test.context.SpringBootTestContextBootstrapper=true}', contextCustomizers = set[org.springframework.boot.test.context.SpringBootTestContextCustomizer@179d46d1, org.springframework.boot.test.context.filter.ExcludeFilterContextCustomizer@36294929, org.springframework.boot.test.mock.mockito.MockitoContextCustomizer@0, org.springframework.boot.test.autoconfigure.properties.PropertyMappingContextCustomizer@0, org.springframework.boot.test.autoconfigure.web.servlet.WebDriverContextCustomizerFactory$Customizer@3c6a72cd], resourceBasePath = 'src/main/webapp', contextLoader = 'org.springframework.boot.test.context.SpringBootContextLoader', parent = [null]]].","logger": "o.s.t.c.t.TransactionContext","thread": "[Test worker]"}
{"date":"2017-07-13 19:02:02","level": "INFO ","message": "Began transaction (1) for test context [DefaultTestContext@645d2c23 testClass = TransferOrderDaoTest, testInstance = com.homedepot.mm.po.iom.dao.TransferOrderDaoTest@1de7d143, testMethod = failedInsertTest@TransferOrderDaoTest, testException = [null], mergedContextConfiguration = [WebMergedContextConfiguration@4b0fff24 testClass = TransferOrderDaoTest, locations = '{}', classes = '{class com.homedepot.mm.po.iom.IomTransferRequestApplication}', contextInitializerClasses = '[]', activeProfiles = '{test}', propertySourceLocations = '{}', propertySourceProperties = '{org.springframework.boot.test.context.SpringBootTestContextBootstrapper=true}', contextCustomizers = set[org.springframework.boot.test.context.SpringBootTestContextCustomizer@179d46d1, org.springframework.boot.test.context.filter.ExcludeFilterContextCustomizer@36294929, org.springframework.boot.test.mock.mockito.MockitoContextCustomizer@0, org.springframework.boot.test.autoconfigure.properties.PropertyMappingContextCustomizer@0, org.springframework.boot.test.autoconfigure.web.servlet.WebDriverContextCustomizerFactory$Customizer@3c6a72cd], resourceBasePath = 'src/main/webapp', contextLoader = 'org.springframework.boot.test.context.SpringBootContextLoader', parent = [null]]]; transaction manager [org.springframework.jdbc.datasource.DataSourceTransactionManager@c07bbda]; rollback [true]","logger": "o.s.t.c.t.TransactionContext","thread": "[Test worker]"}
{"date":"2017-07-13 19:02:02","level": "INFO ","message": "Rolled back transaction for test context [DefaultTestContext@645d2c23 testClass = TransferOrderDaoTest, testInstance = com.homedepot.mm.po.iom.dao.TransferOrderDaoTest@1de7d143, testMethod = failedInsertTest@TransferOrderDaoTest, testException = [null], mergedContextConfiguration = [WebMergedContextConfiguration@4b0fff24 testClass = TransferOrderDaoTest, locations = '{}', classes = '{class com.homedepot.mm.po.iom.IomTransferRequestApplication}', contextInitializerClasses = '[]', activeProfiles = '{test}', propertySourceLocations = '{}', propertySourceProperties = '{org.springframework.boot.test.context.SpringBootTestContextBootstrapper=true}', contextCustomizers = set[org.springframework.boot.test.context.SpringBootTestContextCustomizer@179d46d1, org.springframework.boot.test.context.filter.ExcludeFilterContextCustomizer@36294929, org.springframework.boot.test.mock.mockito.MockitoContextCustomizer@0, org.springframework.boot.test.autoconfigure.properties.PropertyMappingContextCustomizer@0, org.springframework.boot.test.autoconfigure.web.servlet.WebDriverContextCustomizerFactory$Customizer@3c6a72cd], resourceBasePath = 'src/main/webapp', contextLoader = 'org.springframework.boot.test.context.SpringBootContextLoader', parent = [null]]].","logger": "o.s.t.c.t.TransactionContext","thread": "[Test worker]"}
{"date":"2017-07-13 19:02:02","level": "INFO ","message": "Began transaction (1) for test context [DefaultTestContext@645d2c23 testClass = TransferOrderDaoTest, testInstance = com.homedepot.mm.po.iom.dao.TransferOrderDaoTest@9c5cf5, testMethod = fetchTransfersForSuccessForImportDomectisPOMTest@TransferOrderDaoTest, testException = [null], mergedContextConfiguration = [WebMergedContextConfiguration@4b0fff24 testClass = TransferOrderDaoTest, locations = '{}', classes = '{class com.homedepot.mm.po.iom.IomTransferRequestApplication}', contextInitializerClasses = '[]', activeProfiles = '{test}', propertySourceLocations = '{}', propertySourceProperties = '{org.springframework.boot.test.context.SpringBootTestContextBootstrapper=true}', contextCustomizers = set[org.springframework.boot.test.context.SpringBootTestContextCustomizer@179d46d1, org.springframework.boot.test.context.filter.ExcludeFilterContextCustomizer@36294929, org.springframework.boot.test.mock.mockito.MockitoContextCustomizer@0, org.springframework.boot.test.autoconfigure.properties.PropertyMappingContextCustomizer@0, org.springframework.boot.test.autoconfigure.web.servlet.WebDriverContextCustomizerFactory$Customizer@3c6a72cd], resourceBasePath = 'src/main/webapp', contextLoader = 'org.springframework.boot.test.context.SpringBootContextLoader', parent = [null]]]; transaction manager [org.springframework.jdbc.datasource.DataSourceTransactionManager@c07bbda]; rollback [true]","logger": "o.s.t.c.t.TransactionContext","thread": "[Test worker]"}
{"date":"2017-07-13 19:02:02","level": "INFO ","message": "Rolled back transaction for test context [DefaultTestContext@645d2c23 testClass = TransferOrderDaoTest, testInstance = com.homedepot.mm.po.iom.dao.TransferOrderDaoTest@9c5cf5, testMethod = fetchTransfersForSuccessForImportDomectisPOMTest@TransferOrderDaoTest, testException = [null], mergedContextConfiguration = [WebMergedContextConfiguration@4b0fff24 testClass = TransferOrderDaoTest, locations = '{}', classes = '{class com.homedepot.mm.po.iom.IomTransferRequestApplication}', contextInitializerClasses = '[]', activeProfiles = '{test}', propertySourceLocations = '{}', propertySourceProperties = '{org.springframework.boot.test.context.SpringBootTestContextBootstrapper=true}', contextCustomizers = set[org.springframework.boot.test.context.SpringBootTestContextCustomizer@179d46d1, org.springframework.boot.test.context.filter.ExcludeFilterContextCustomizer@36294929, org.springframework.boot.test.mock.mockito.MockitoContextCustomizer@0, org.springframework.boot.test.autoconfigure.properties.PropertyMappingContextCustomizer@0, org.springframework.boot.test.autoconfigure.web.servlet.WebDriverContextCustomizerFactory$Customizer@3c6a72cd], resourceBasePath = 'src/main/webapp', contextLoader = 'org.springframework.boot.test.context.SpringBootContextLoader', parent = [null]]].","logger": "o.s.t.c.t.TransactionContext","thread": "[Test worker]"}
{"date":"2017-07-13 19:02:02","level": "INFO ","message": "Began transaction (1) for test context [DefaultTestContext@645d2c23 testClass = TransferOrderDaoTest, testInstance = com.homedepot.mm.po.iom.dao.TransferOrderDaoTest@3b76a4b0, testMethod = saveIntoXREFTableForPOMEmptyTest@TransferOrderDaoTest, testException = [null], mergedContextConfiguration = [WebMergedContextConfiguration@4b0fff24 testClass = TransferOrderDaoTest, locations = '{}', classes = '{class com.homedepot.mm.po.iom.IomTransferRequestApplication}', contextInitializerClasses = '[]', activeProfiles = '{test}', propertySourceLocations = '{}', propertySourceProperties = '{org.springframework.boot.test.context.SpringBootTestContextBootstrapper=true}', contextCustomizers = set[org.springframework.boot.test.context.SpringBootTestContextCustomizer@179d46d1, org.springframework.boot.test.context.filter.ExcludeFilterContextCustomizer@36294929, org.springframework.boot.test.mock.mockito.MockitoContextCustomizer@0, org.springframework.boot.test.autoconfigure.properties.PropertyMappingContextCustomizer@0, org.springframework.boot.test.autoconfigure.web.servlet.WebDriverContextCustomizerFactory$Customizer@3c6a72cd], resourceBasePath = 'src/main/webapp', contextLoader = 'org.springframework.boot.test.context.SpringBootContextLoader', parent = [null]]]; transaction manager [org.springframework.jdbc.datasource.DataSourceTransactionManager@c07bbda]; rollback [true]","logger": "o.s.t.c.t.TransactionContext","thread": "[Test worker]"}
{"date":"2017-07-13 19:02:02","level": "INFO ","message": "Rolled back transaction for test context [DefaultTestContext@645d2c23 testClass = TransferOrderDaoTest, testInstance = com.homedepot.mm.po.iom.dao.TransferOrderDaoTest@3b76a4b0, testMethod = saveIntoXREFTableForPOMEmptyTest@TransferOrderDaoTest, testException = [null], mergedContextConfiguration = [WebMergedContextConfiguration@4b0fff24 testClass = TransferOrderDaoTest, locations = '{}', classes = '{class com.homedepot.mm.po.iom.IomTransferRequestApplication}', contextInitializerClasses = '[]', activeProfiles = '{test}', propertySourceLocations = '{}', propertySourceProperties = '{org.springframework.boot.test.context.SpringBootTestContextBootstrapper=true}', contextCustomizers = set[org.springframework.boot.test.context.SpringBootTestContextCustomizer@179d46d1, org.springframework.boot.test.context.filter.ExcludeFilterContextCustomizer@36294929, org.springframework.boot.test.mock.mockito.MockitoContextCustomizer@0, org.springframework.boot.test.autoconfigure.properties.PropertyMappingContextCustomizer@0, org.springframework.boot.test.autoconfigure.web.servlet.WebDriverContextCustomizerFactory$Customizer@3c6a72cd], resourceBasePath = 'src/main/webapp', contextLoader = 'org.springframework.boot.test.context.SpringBootContextLoader', parent = [null]]].","logger": "o.s.t.c.t.TransactionContext","thread": "[Test worker]"}
{"date":"2017-07-13 19:02:02","level": "INFO ","message": "Began transaction (1) for test context [DefaultTestContext@645d2c23 testClass = TransferOrderDaoTest, testInstance = com.homedepot.mm.po.iom.dao.TransferOrderDaoTest@5285b5fe, testMethod = failedInsert2Test@TransferOrderDaoTest, testException = [null], mergedContextConfiguration = [WebMergedContextConfiguration@4b0fff24 testClass = TransferOrderDaoTest, locations = '{}', classes = '{class com.homedepot.mm.po.iom.IomTransferRequestApplication}', contextInitializerClasses = '[]', activeProfiles = '{test}', propertySourceLocations = '{}', propertySourceProperties = '{org.springframework.boot.test.context.SpringBootTestContextBootstrapper=true}', contextCustomizers = set[org.springframework.boot.test.context.SpringBootTestContextCustomizer@179d46d1, org.springframework.boot.test.context.filter.ExcludeFilterContextCustomizer@36294929, org.springframework.boot.test.mock.mockito.MockitoContextCustomizer@0, org.springframework.boot.test.autoconfigure.properties.PropertyMappingContextCustomizer@0, org.springframework.boot.test.autoconfigure.web.servlet.WebDriverContextCustomizerFactory$Customizer@3c6a72cd], resourceBasePath = 'src/main/webapp', contextLoader = 'org.springframework.boot.test.context.SpringBootContextLoader', parent = [null]]]; transaction manager [org.springframework.jdbc.datasource.DataSourceTransactionManager@c07bbda]; rollback [true]","logger": "o.s.t.c.t.TransactionContext","thread": "[Test worker]"}
{"date":"2017-07-13 19:02:02","level": "INFO ","message": "Rolled back transaction for test context [DefaultTestContext@645d2c23 testClass = TransferOrderDaoTest, testInstance = com.homedepot.mm.po.iom.dao.TransferOrderDaoTest@5285b5fe, testMethod = failedInsert2Test@TransferOrderDaoTest, testException = [null], mergedContextConfiguration = [WebMergedContextConfiguration@4b0fff24 testClass = TransferOrderDaoTest, locations = '{}', classes = '{class com.homedepot.mm.po.iom.IomTransferRequestApplication}', contextInitializerClasses = '[]', activeProfiles = '{test}', propertySourceLocations = '{}', propertySourceProperties = '{org.springframework.boot.test.context.SpringBootTestContextBootstrapper=true}', contextCustomizers = set[org.springframework.boot.test.context.SpringBootTestContextCustomizer@179d46d1, org.springframework.boot.test.context.filter.ExcludeFilterContextCustomizer@36294929, org.springframework.boot.test.mock.mockito.MockitoContextCustomizer@0, org.springframework.boot.test.autoconfigure.properties.PropertyMappingContextCustomizer@0, org.springframework.boot.test.autoconfigure.web.servlet.WebDriverContextCustomizerFactory$Customizer@3c6a72cd], resourceBasePath = 'src/main/webapp', contextLoader = 'org.springframework.boot.test.context.SpringBootContextLoader', parent = [null]]].","logger": "o.s.t.c.t.TransactionContext","thread": "[Test worker]"}
{"date":"2017-07-13 19:02:02","level": "INFO ","message": "Began transaction (1) for test context [DefaultTestContext@645d2c23 testClass = TransferOrderDaoTest, testInstance = com.homedepot.mm.po.iom.dao.TransferOrderDaoTest@35a799ab, testMethod = fetchTransfersForPOMTest@TransferOrderDaoTest, testException = [null], mergedContextConfiguration = [WebMergedContextConfiguration@4b0fff24 testClass = TransferOrderDaoTest, locations = '{}', classes = '{class com.homedepot.mm.po.iom.IomTransferRequestApplication}', contextInitializerClasses = '[]', activeProfiles = '{test}', propertySourceLocations = '{}', propertySourceProperties = '{org.springframework.boot.test.context.SpringBootTestContextBootstrapper=true}', contextCustomizers = set[org.springframework.boot.test.context.SpringBootTestContextCustomizer@179d46d1, org.springframework.boot.test.context.filter.ExcludeFilterContextCustomizer@36294929, org.springframework.boot.test.mock.mockito.MockitoContextCustomizer@0, org.springframework.boot.test.autoconfigure.properties.PropertyMappingContextCustomizer@0, org.springframework.boot.test.autoconfigure.web.servlet.WebDriverContextCustomizerFactory$Customizer@3c6a72cd], resourceBasePath = 'src/main/webapp', contextLoader = 'org.springframework.boot.test.context.SpringBootContextLoader', parent = [null]]]; transaction manager [org.springframework.jdbc.datasource.DataSourceTransactionManager@c07bbda]; rollback [true]","logger": "o.s.t.c.t.TransactionContext","thread": "[Test worker]"}
{"date":"2017-07-13 19:02:02","level": "INFO ","message": "Rolled back transaction for test context [DefaultTestContext@645d2c23 testClass = TransferOrderDaoTest, testInstance = com.homedepot.mm.po.iom.dao.TransferOrderDaoTest@35a799ab, testMethod = fetchTransfersForPOMTest@TransferOrderDaoTest, testException = [null], mergedContextConfiguration = [WebMergedContextConfiguration@4b0fff24 testClass = TransferOrderDaoTest, locations = '{}', classes = '{class com.homedepot.mm.po.iom.IomTransferRequestApplication}', contextInitializerClasses = '[]', activeProfiles = '{test}', propertySourceLocations = '{}', propertySourceProperties = '{org.springframework.boot.test.context.SpringBootTestContextBootstrapper=true}', contextCustomizers = set[org.springframework.boot.test.context.SpringBootTestContextCustomizer@179d46d1, org.springframework.boot.test.context.filter.ExcludeFilterContextCustomizer@36294929, org.springframework.boot.test.mock.mockito.MockitoContextCustomizer@0, org.springframework.boot.test.autoconfigure.properties.PropertyMappingContextCustomizer@0, org.springframework.boot.test.autoconfigure.web.servlet.WebDriverContextCustomizerFactory$Customizer@3c6a72cd], resourceBasePath = 'src/main/webapp', contextLoader = 'org.springframework.boot.test.context.SpringBootContextLoader', parent = [null]]].","logger": "o.s.t.c.t.TransactionContext","thread": "[Test worker]"}
{"date":"2017-07-13 19:02:02","level": "INFO ","message": "Began transaction (1) for test context [DefaultTestContext@645d2c23 testClass = TransferOrderDaoTest, testInstance = com.homedepot.mm.po.iom.dao.TransferOrderDaoTest@16cdd9b3, testMethod = successfullInsertTest@TransferOrderDaoTest, testException = [null], mergedContextConfiguration = [WebMergedContextConfiguration@4b0fff24 testClass = TransferOrderDaoTest, locations = '{}', classes = '{class com.homedepot.mm.po.iom.IomTransferRequestApplication}', contextInitializerClasses = '[]', activeProfiles = '{test}', propertySourceLocations = '{}', propertySourceProperties = '{org.springframework.boot.test.context.SpringBootTestContextBootstrapper=true}', contextCustomizers = set[org.springframework.boot.test.context.SpringBootTestContextCustomizer@179d46d1, org.springframework.boot.test.context.filter.ExcludeFilterContextCustomizer@36294929, org.springframework.boot.test.mock.mockito.MockitoContextCustomizer@0, org.springframework.boot.test.autoconfigure.properties.PropertyMappingContextCustomizer@0, org.springframework.boot.test.autoconfigure.web.servlet.WebDriverContextCustomizerFactory$Customizer@3c6a72cd], resourceBasePath = 'src/main/webapp', contextLoader = 'org.springframework.boot.test.context.SpringBootContextLoader', parent = [null]]]; transaction manager [org.springframework.jdbc.datasource.DataSourceTransactionManager@c07bbda]; rollback [true]","logger": "o.s.t.c.t.TransactionContext","thread": "[Test worker]"}
{"date":"2017-07-13 19:02:02","level": "INFO ","message": "Trying to save transfers to IOM database ","logger": "TransferRequestDao.class","thread": "[Test worker]"}
{"date":"2017-07-13 19:02:02","level": "INFO ","message": "[{SHPG_LOC_TYP_CD=DC, COAST_TO_COAST=Y, BUY_PK_CUB_VOL=null, BUY_PK_UOI_CD=null, CRT_TS=2017-07-13 19:02:02.434, EST_TRANSFER_COST=40.22, SKU_DESC=Description, UNT_COST_AMT=10.9, TRUCK_LOAD_PERCENT=0.03, SKU_SRC_TYP=D, BUY_PK_WT=1, IOM_RSN_CD=1, BUY_PK_WT_UOM_CD=80, LAST_UPD_TS=2017-07-13 19:02:02.434, SHPG_LOC_NBR=5149, COST_GOODS_SHIPPED=490.99, MER_DEPT_NBR=27, CRT_SYSUSR_ID=Test, SKU_NBR=1, IOM_TRANSFER_REQ_ID=7, OMT_ORD_TYP_CD=22, DEST_SKU_NUMBER=1, ORIG_ORD_QTY=1, MVNDR_NBR=0, BUY_PK_CUB_VOL_UOM_CD=1, BUY_PK_SIZE=1, COMMENTS_TXT=test 1, RECV_LOC_NBR=5120, EXPCTD_ARVL_DT=Thu Jul 13 19:02:02 UTC 2017, LAST_UPD_SYSUSR_ID=Test, RECV_LOC_TYP_CD=DC}, {SHPG_LOC_TYP_CD=DC, COAST_TO_COAST=N, BUY_PK_CUB_VOL=null, BUY_PK_UOI_CD=null, CRT_TS=2017-07-13 19:02:02.434, EST_TRANSFER_COST=10.22, SKU_DESC=Description, UNT_COST_AMT=1.77, TRUCK_LOAD_PERCENT=0.25, SKU_SRC_TYP=I, BUY_PK_WT=10, IOM_RSN_CD=7, BUY_PK_WT_UOM_CD=80, LAST_UPD_TS=2017-07-13 19:02:02.434, SHPG_LOC_NBR=5150, COST_GOODS_SHIPPED=990.99, MER_DEPT_NBR=27, CRT_SYSUSR_ID=Test, SKU_NBR=2, IOM_TRANSFER_REQ_ID=8, OMT_ORD_TYP_CD=22, DEST_SKU_NUMBER=2, ORIG_ORD_QTY=1, MVNDR_NBR=0, BUY_PK_CUB_VOL_UOM_CD=1, BUY_PK_SIZE=1, COMMENTS_TXT=test 2, RECV_LOC_NBR=5149, EXPCTD_ARVL_DT=Thu Jul 13 19:02:02 UTC 2017, LAST_UPD_SYSUSR_ID=Test, RECV_LOC_TYP_CD=DC}]","logger": "TransferRequestDao.class","thread": "[Test worker]"}
{"date":"2017-07-13 19:02:02","level": "INFO ","message": "Rolled back transaction for test context [DefaultTestContext@645d2c23 testClass = TransferOrderDaoTest, testInstance = com.homedepot.mm.po.iom.dao.TransferOrderDaoTest@16cdd9b3, testMethod = successfullInsertTest@TransferOrderDaoTest, testException = [null], mergedContextConfiguration = [WebMergedContextConfiguration@4b0fff24 testClass = TransferOrderDaoTest, locations = '{}', classes = '{class com.homedepot.mm.po.iom.IomTransferRequestApplication}', contextInitializerClasses = '[]', activeProfiles = '{test}', propertySourceLocations = '{}', propertySourceProperties = '{org.springframework.boot.test.context.SpringBootTestContextBootstrapper=true}', contextCustomizers = set[org.springframework.boot.test.context.SpringBootTestContextCustomizer@179d46d1, org.springframework.boot.test.context.filter.ExcludeFilterContextCustomizer@36294929, org.springframework.boot.test.mock.mockito.MockitoContextCustomizer@0, org.springframework.boot.test.autoconfigure.properties.PropertyMappingContextCustomizer@0, org.springframework.boot.test.autoconfigure.web.servlet.WebDriverContextCustomizerFactory$Customizer@3c6a72cd], resourceBasePath = 'src/main/webapp', contextLoader = 'org.springframework.boot.test.context.SpringBootContextLoader', parent = [null]]].","logger": "o.s.t.c.t.TransactionContext","thread": "[Test worker]"}
{"date":"2017-07-13 19:02:02","level": "INFO ","message": "Began transaction (1) for test context [DefaultTestContext@645d2c23 testClass = TransferOrderDaoTest, testInstance = com.homedepot.mm.po.iom.dao.TransferOrderDaoTest@6575a235, testMethod = fetchTransfersForPOMTestSameSku@TransferOrderDaoTest, testException = [null], mergedContextConfiguration = [WebMergedContextConfiguration@4b0fff24 testClass = TransferOrderDaoTest, locations = '{}', classes = '{class com.homedepot.mm.po.iom.IomTransferRequestApplication}', contextInitializerClasses = '[]', activeProfiles = '{test}', propertySourceLocations = '{}', propertySourceProperties = '{org.springframework.boot.test.context.SpringBootTestContextBootstrapper=true}', contextCustomizers = set[org.springframework.boot.test.context.SpringBootTestContextCustomizer@179d46d1, org.springframework.boot.test.context.filter.ExcludeFilterContextCustomizer@36294929, org.springframework.boot.test.mock.mockito.MockitoContextCustomizer@0, org.springframework.boot.test.autoconfigure.properties.PropertyMappingContextCustomizer@0, org.springframework.boot.test.autoconfigure.web.servlet.WebDriverContextCustomizerFactory$Customizer@3c6a72cd], resourceBasePath = 'src/main/webapp', contextLoader = 'org.springframework.boot.test.context.SpringBootContextLoader', parent = [null]]]; transaction manager [org.springframework.jdbc.datasource.DataSourceTransactionManager@c07bbda]; rollback [true]","logger": "o.s.t.c.t.TransactionContext","thread": "[Test worker]"}
{"date":"2017-07-13 19:02:02","level": "INFO ","message": "Rolled back transaction for test context [DefaultTestContext@645d2c23 testClass = TransferOrderDaoTest, testInstance = com.homedepot.mm.po.iom.dao.TransferOrderDaoTest@6575a235, testMethod = fetchTransfersForPOMTestSameSku@TransferOrderDaoTest, testException = [null], mergedContextConfiguration = [WebMergedContextConfiguration@4b0fff24 testClass = TransferOrderDaoTest, locations = '{}', classes = '{class com.homedepot.mm.po.iom.IomTransferRequestApplication}', contextInitializerClasses = '[]', activeProfiles = '{test}', propertySourceLocations = '{}', propertySourceProperties = '{org.springframework.boot.test.context.SpringBootTestContextBootstrapper=true}', contextCustomizers = set[org.springframework.boot.test.context.SpringBootTestContextCustomizer@179d46d1, org.springframework.boot.test.context.filter.ExcludeFilterContextCustomizer@36294929, org.springframework.boot.test.mock.mockito.MockitoContextCustomizer@0, org.springframework.boot.test.autoconfigure.properties.PropertyMappingContextCustomizer@0, org.springframework.boot.test.autoconfigure.web.servlet.WebDriverContextCustomizerFactory$Customizer@3c6a72cd], resourceBasePath = 'src/main/webapp', contextLoader = 'org.springframework.boot.test.context.SpringBootContextLoader', parent = [null]]].","logger": "o.s.t.c.t.TransactionContext","thread": "[Test worker]"}
]]></system-out>
  <system-err><![CDATA[]]></system-err>
</testsuite>
