<?xml version="1.0" encoding="UTF-8"?>
<testsuite name="com.homedepot.mm.po.iom.IomTransferRequestApplicationTests" tests="1" skipped="0" failures="0" errors="0" timestamp="2017-07-13T19:02:03" hostname="f2d9b88c-015a-418f-555e-6617c9945587" time="0.005">
  <properties/>
  <testcase name="contextLoads" classname="com.homedepot.mm.po.iom.IomTransferRequestApplicationTests" time="0.005"/>
  <system-out><![CDATA[{"date":"2017-07-13 19:02:02","level": "INFO ","message": "Neither @ContextConfiguration nor @ContextHierarchy found for test class [com.homedepot.mm.po.iom.IomTransferRequestApplicationTests], using SpringBootContextLoader","logger": "o.s.b.t.c.SpringBootTestContextBootstrapper","thread": "[Test worker]"}
{"date":"2017-07-13 19:02:02","level": "INFO ","message": "Could not detect default resource locations for test class [com.homedepot.mm.po.iom.IomTransferRequestApplicationTests]: no resource found for suffixes {-context.xml, Context.groovy}.","logger": "o.s.t.c.s.AbstractContextLoader","thread": "[Test worker]"}
{"date":"2017-07-13 19:02:02","level": "INFO ","message": "Could not detect default configuration classes for test class [com.homedepot.mm.po.iom.IomTransferRequestApplicationTests]: IomTransferRequestApplicationTests does not declare any static, non-private, non-final, nested classes annotated with @Configuration.","logger": "o.s.t.c.s.AnnotationConfigContextLoaderUtils","thread": "[Test worker]"}
{"date":"2017-07-13 19:02:02","level": "INFO ","message": "Found @SpringBootConfiguration com.homedepot.mm.po.iom.IomTransferRequestApplication for test class com.homedepot.mm.po.iom.IomTransferRequestApplicationTests","logger": "o.s.b.t.c.SpringBootTestContextBootstrapper","thread": "[Test worker]"}
{"date":"2017-07-13 19:02:02","level": "INFO ","message": "Loaded default TestExecutionListener class names from location [META-INF/spring.factories]: [org.springframework.boot.test.mock.mockito.MockitoTestExecutionListener, org.springframework.boot.test.mock.mockito.ResetMocksTestExecutionListener, org.springframework.boot.test.autoconfigure.restdocs.RestDocsTestExecutionListener, org.springframework.boot.test.autoconfigure.web.client.MockRestServiceServerResetTestExecutionListener, org.springframework.boot.test.autoconfigure.web.servlet.MockMvcPrintOnlyOnFailureTestExecutionListener, org.springframework.boot.test.autoconfigure.web.servlet.WebDriverTestExecutionListener, org.springframework.test.context.web.ServletTestExecutionListener, org.springframework.test.context.support.DirtiesContextBeforeModesTestExecutionListener, org.springframework.test.context.support.DependencyInjectionTestExecutionListener, org.springframework.test.context.support.DirtiesContextTestExecutionListener, org.springframework.test.context.transaction.TransactionalTestExecutionListener, org.springframework.test.context.jdbc.SqlScriptsTestExecutionListener]","logger": "o.s.b.t.c.SpringBootTestContextBootstrapper","thread": "[Test worker]"}
{"date":"2017-07-13 19:02:02","level": "INFO ","message": "Using TestExecutionListeners: [org.springframework.test.context.web.ServletTestExecutionListener@94f556c, org.springframework.test.context.support.DirtiesContextBeforeModesTestExecutionListener@1b28a8c5, org.springframework.boot.test.autoconfigure.SpringBootDependencyInjectionTestExecutionListener@1769d239, org.springframework.test.context.support.DirtiesContextTestExecutionListener@14dcc3de, org.springframework.test.context.transaction.TransactionalTestExecutionListener@67cb001c, org.springframework.test.context.jdbc.SqlScriptsTestExecutionListener@397be2a0, org.springframework.boot.test.autoconfigure.web.servlet.WebDriverTestExecutionListener@60da17ac, org.springframework.boot.test.autoconfigure.web.client.MockRestServiceServerResetTestExecutionListener@126afa5a, org.springframework.boot.test.autoconfigure.restdocs.RestDocsTestExecutionListener@2d9ec3eb, org.springframework.boot.test.mock.mockito.ResetMocksTestExecutionListener@4b965a1a, org.springframework.boot.test.autoconfigure.web.servlet.MockMvcPrintOnlyOnFailureTestExecutionListener@7bc153b3, org.springframework.boot.test.mock.mockito.MockitoTestExecutionListener@3ebcdebb]","logger": "o.s.b.t.c.SpringBootTestContextBootstrapper","thread": "[Test worker]"}

  .   ____          _            __ _ _
 /\\ / ___'_ __ _ _(_)_ __  __ _ \ \ \ \
( ( )\___ | '_ | '_| | '_ \/ _` | \ \ \ \
 \\/  ___)| |_)| | | | | || (_| |  ) ) ) )
  '  |____| .__|_| |_|_| |_\__, | / / / /
 =========|_|==============|___/=/_/_/_/
 :: Spring Boot ::        (v1.5.2.RELEASE)

{"date":"2017-07-13 19:02:02","level": "INFO ","message": "Starting IomTransferRequestApplicationTests on f2d9b88c-015a-418f-555e-6617c9945587 with PID 86 (started by root in /tmp/build/e55deab7/code-repo/iom-xfer-services)","logger": "c.h.m.p.i.IomTransferRequestApplicationTests","thread": "[Test worker]"}
{"date":"2017-07-13 19:02:02","level": "INFO ","message": "No active profile set, falling back to default profiles: default","logger": "c.h.m.p.i.IomTransferRequestApplicationTests","thread": "[Test worker]"}
{"date":"2017-07-13 19:02:02","level": "INFO ","message": "Refreshing org.springframework.web.context.support.GenericWebApplicationContext@17bd414e: startup date [Thu Jul 13 19:02:02 UTC 2017]; root of context hierarchy","logger": "o.s.w.c.s.GenericWebApplicationContext","thread": "[Test worker]"}
{"date":"2017-07-13 19:02:03","level": "INFO ","message": "Overriding bean definition for bean 'transferRequestDao' with a different definition: replacing [Generic bean: class [com.homedepot.mm.po.iom.dao.TransferRequestDao]; scope=singleton; abstract=false; lazyInit=false; autowireMode=0; dependencyCheck=0; autowireCandidate=true; primary=false; factoryBeanName=null; factoryMethodName=null; initMethodName=null; destroyMethodName=null; defined in file [/tmp/build/e55deab7/code-repo/iom-xfer-services/build/classes/main/com/homedepot/mm/po/iom/dao/TransferRequestDao.class]] with [Root bean: class [null]; scope=; abstract=false; lazyInit=false; autowireMode=3; dependencyCheck=0; autowireCandidate=true; primary=false; factoryBeanName=commonConfig; factoryMethodName=transferRequestDao; initMethodName=null; destroyMethodName=(inferred); defined in class path resource [com/homedepot/mm/po/iom/config/CommonConfig.class]]","logger": "o.s.b.f.s.DefaultListableBeanFactory","thread": "[Test worker]"}
{"date":"2017-07-13 19:02:03","level": "INFO ","message": "Bean 'org.springframework.transaction.annotation.ProxyTransactionManagementConfiguration' of type [org.springframework.transaction.annotation.ProxyTransactionManagementConfiguration$$EnhancerBySpringCGLIB$$f01287ec] is not eligible for getting processed by all BeanPostProcessors (for example: not eligible for auto-proxying)","logger": "o.s.c.s.PostProcessorRegistrationDelegate$BeanPostProcessorChecker","thread": "[Test worker]"}
{"date":"2017-07-13 19:02:03","level": "INFO ","message": "Oracle Datasource created","logger": "c.h.mm.po.iom.config.LocalConfig","thread": "[Test worker]"}
{"date":"2017-07-13 19:02:03","level": "INFO ","message": "Mapped "{[/service/reasonCodes],methods=[GET],produces=[application/json]}" onto public org.springframework.http.ResponseEntity<java.util.List<com.homedepot.mm.po.iom.dto.systemcodes.Reason>> com.homedepot.mm.po.iom.rest.IOMTransferRequestController.getReasonCodes()","logger": "o.s.w.s.m.m.a.RequestMappingHandlerMapping","thread": "[Test worker]"}
{"date":"2017-07-13 19:02:03","level": "INFO ","message": "Mapped "{[/service/approvalStatus],methods=[GET],produces=[application/json]}" onto public org.springframework.http.ResponseEntity<java.util.List<com.homedepot.mm.po.iom.dto.systemcodes.ApprovalStatus>> com.homedepot.mm.po.iom.rest.IOMTransferRequestController.getApprovalStatus()","logger": "o.s.w.s.m.m.a.RequestMappingHandlerMapping","thread": "[Test worker]"}
{"date":"2017-07-13 19:02:03","level": "INFO ","message": "Mapped "{[/service/support/updateApproveStatusByIds],methods=[PUT],produces=[application/json]}" onto public org.springframework.http.ResponseEntity<java.lang.Integer> com.homedepot.mm.po.iom.rest.IOMTransferRequestController.updateApprovalStatusById(com.homedepot.mm.po.iom.dto.approvals.ApprovalStatusUpdateDTO)","logger": "o.s.w.s.m.m.a.RequestMappingHandlerMapping","thread": "[Test worker]"}
{"date":"2017-07-13 19:02:03","level": "INFO ","message": "Mapped "{[/service/transfers],methods=[POST],consumes=[application/json],produces=[application/json]}" onto public org.springframework.http.ResponseEntity<com.homedepot.mm.po.iom.dto.apiResponse.ApiIomResponse> com.homedepot.mm.po.iom.rest.IOMTransferRequestController.postTransfer(java.util.List<com.homedepot.mm.po.iom.dto.transfer.TransferRequest>)","logger": "o.s.w.s.m.m.a.RequestMappingHandlerMapping","thread": "[Test worker]"}
{"date":"2017-07-13 19:02:03","level": "INFO ","message": "Mapped "{[/service/send2pom],methods=[GET],produces=[application/json]}" onto public java.util.List<com.homedepot.mm.po.iom.dto.apiResponse.ApiPomResponse> com.homedepot.mm.po.iom.rest.IOMTransferRequestController.sendToPOM(java.lang.Boolean)","logger": "o.s.w.s.m.m.a.RequestMappingHandlerMapping","thread": "[Test worker]"}
{"date":"2017-07-13 19:02:03","level": "INFO ","message": "Mapped "{[/service/resend2pom],methods=[GET],produces=[application/json]}" onto public java.util.List<com.homedepot.mm.po.iom.dto.apiResponse.ApiPomResponse> com.homedepot.mm.po.iom.rest.IOMTransferRequestController.reSendToPom(java.lang.Integer)","logger": "o.s.w.s.m.m.a.RequestMappingHandlerMapping","thread": "[Test worker]"}
{"date":"2017-07-13 19:02:03","level": "INFO ","message": "Mapped "{[/service/transfersummary],methods=[GET],produces=[application/json]}" onto public java.util.List<com.homedepot.mm.po.iom.dto.transferSummary.TransferRequestSummary> com.homedepot.mm.po.iom.rest.IOMTransferRequestController.transferSummary(java.lang.Integer,java.lang.Integer,java.lang.String,java.lang.String,java.lang.Integer,java.util.Date,java.lang.String)","logger": "o.s.w.s.m.m.a.RequestMappingHandlerMapping","thread": "[Test worker]"}
{"date":"2017-07-13 19:02:03","level": "INFO ","message": "Mapped "{[/v2/api-docs],methods=[GET],produces=[application/json || application/hal+json]}" onto public org.springframework.http.ResponseEntity<springfox.documentation.spring.web.json.Json> springfox.documentation.swagger2.web.Swagger2Controller.getDocumentation(java.lang.String,javax.servlet.http.HttpServletRequest)","logger": "o.s.w.s.m.m.a.RequestMappingHandlerMapping","thread": "[Test worker]"}
{"date":"2017-07-13 19:02:03","level": "INFO ","message": "Mapped "{[/swagger-resources/configuration/ui]}" onto org.springframework.http.ResponseEntity<springfox.documentation.swagger.web.UiConfiguration> springfox.documentation.swagger.web.ApiResourceController.uiConfiguration()","logger": "o.s.w.s.m.m.a.RequestMappingHandlerMapping","thread": "[Test worker]"}
{"date":"2017-07-13 19:02:03","level": "INFO ","message": "Mapped "{[/swagger-resources]}" onto org.springframework.http.ResponseEntity<java.util.List<springfox.documentation.swagger.web.SwaggerResource>> springfox.documentation.swagger.web.ApiResourceController.swaggerResources()","logger": "o.s.w.s.m.m.a.RequestMappingHandlerMapping","thread": "[Test worker]"}
{"date":"2017-07-13 19:02:03","level": "INFO ","message": "Mapped "{[/swagger-resources/configuration/security]}" onto org.springframework.http.ResponseEntity<springfox.documentation.swagger.web.SecurityConfiguration> springfox.documentation.swagger.web.ApiResourceController.securityConfiguration()","logger": "o.s.w.s.m.m.a.RequestMappingHandlerMapping","thread": "[Test worker]"}
{"date":"2017-07-13 19:02:03","level": "INFO ","message": "Mapped "{[/error],produces=[text/html]}" onto public org.springframework.web.servlet.ModelAndView org.springframework.boot.autoconfigure.web.BasicErrorController.errorHtml(javax.servlet.http.HttpServletRequest,javax.servlet.http.HttpServletResponse)","logger": "o.s.w.s.m.m.a.RequestMappingHandlerMapping","thread": "[Test worker]"}
{"date":"2017-07-13 19:02:03","level": "INFO ","message": "Mapped "{[/error]}" onto public org.springframework.http.ResponseEntity<java.util.Map<java.lang.String, java.lang.Object>> org.springframework.boot.autoconfigure.web.BasicErrorController.error(javax.servlet.http.HttpServletRequest)","logger": "o.s.w.s.m.m.a.RequestMappingHandlerMapping","thread": "[Test worker]"}
{"date":"2017-07-13 19:02:03","level": "INFO ","message": "Looking for @ControllerAdvice: org.springframework.web.context.support.GenericWebApplicationContext@17bd414e: startup date [Thu Jul 13 19:02:02 UTC 2017]; root of context hierarchy","logger": "o.s.w.s.m.m.a.RequestMappingHandlerAdapter","thread": "[Test worker]"}
{"date":"2017-07-13 19:02:03","level": "INFO ","message": "Mapped URL path [/webjars/**] onto handler of type [class org.springframework.web.servlet.resource.ResourceHttpRequestHandler]","logger": "o.s.w.s.h.SimpleUrlHandlerMapping","thread": "[Test worker]"}
{"date":"2017-07-13 19:02:03","level": "INFO ","message": "Mapped URL path [/**] onto handler of type [class org.springframework.web.servlet.resource.ResourceHttpRequestHandler]","logger": "o.s.w.s.h.SimpleUrlHandlerMapping","thread": "[Test worker]"}
{"date":"2017-07-13 19:02:03","level": "INFO ","message": "Mapped URL path [/**/favicon.ico] onto handler of type [class org.springframework.web.servlet.resource.ResourceHttpRequestHandler]","logger": "o.s.w.s.h.SimpleUrlHandlerMapping","thread": "[Test worker]"}
{"date":"2017-07-13 19:02:03","level": "INFO ","message": "Starting beans in phase 2147483647","logger": "o.s.c.s.DefaultLifecycleProcessor","thread": "[Test worker]"}
{"date":"2017-07-13 19:02:03","level": "INFO ","message": "Context refreshed","logger": "s.d.s.w.p.DocumentationPluginsBootstrapper","thread": "[Test worker]"}
{"date":"2017-07-13 19:02:03","level": "INFO ","message": "Found 1 custom documentation plugin(s)","logger": "s.d.s.w.p.DocumentationPluginsBootstrapper","thread": "[Test worker]"}
{"date":"2017-07-13 19:02:03","level": "INFO ","message": "Scanning for api listing references","logger": "s.d.s.w.s.ApiListingReferenceScanner","thread": "[Test worker]"}
{"date":"2017-07-13 19:02:03","level": "INFO ","message": "Started IomTransferRequestApplicationTests in 1.382 seconds (JVM running for 8.92)","logger": "c.h.m.p.i.IomTransferRequestApplicationTests","thread": "[Test worker]"}
]]></system-out>
  <system-err><![CDATA[]]></system-err>
</testsuite>
